0 info it worked if it ends with ok
1 verbose cli [ '/usr/bin/node', '/usr/bin/npm', 'install', '-g', 'grunt-shell' ]
2 info using npm@1.4.28
3 info using node@v0.10.32
4 verbose node symlink /usr/bin/node
5 verbose cache add [ 'grunt-shell', null ]
6 verbose cache add name=undefined spec="grunt-shell" args=["grunt-shell",null]
7 verbose parsed url { protocol: null,
7 verbose parsed url   slashes: null,
7 verbose parsed url   auth: null,
7 verbose parsed url   host: null,
7 verbose parsed url   port: null,
7 verbose parsed url   hostname: null,
7 verbose parsed url   hash: null,
7 verbose parsed url   search: null,
7 verbose parsed url   query: null,
7 verbose parsed url   pathname: 'grunt-shell',
7 verbose parsed url   path: 'grunt-shell',
7 verbose parsed url   href: 'grunt-shell' }
8 silly lockFile 1af6c097-grunt-shell grunt-shell
9 verbose lock grunt-shell /home/amrith92/.npm/1af6c097-grunt-shell.lock
10 silly lockFile 1af6c097-grunt-shell grunt-shell
11 silly lockFile 1af6c097-grunt-shell grunt-shell
12 verbose addNamed [ 'grunt-shell', '' ]
13 verbose addNamed [ null, '*' ]
14 silly lockFile 9b13ef1a-grunt-shell grunt-shell@
15 verbose lock grunt-shell@ /home/amrith92/.npm/9b13ef1a-grunt-shell.lock
16 silly addNameRange { name: 'grunt-shell', range: '*', hasData: false }
17 verbose request where is /grunt-shell
18 verbose request registry https://registry.npmjs.org/
19 verbose request id b75e6dde0b36fffb
20 verbose url raw /grunt-shell
21 verbose url resolving [ 'https://registry.npmjs.org/', './grunt-shell' ]
22 verbose url resolved https://registry.npmjs.org/grunt-shell
23 verbose request where is https://registry.npmjs.org/grunt-shell
24 info trying registry request attempt 1 at 09:56:47
25 http GET https://registry.npmjs.org/grunt-shell
26 http 200 https://registry.npmjs.org/grunt-shell
27 silly registry.get cb [ 200,
27 silly registry.get   { date: 'Sun, 02 Nov 2014 04:26:48 GMT',
27 silly registry.get     server: 'CouchDB/1.5.0 (Erlang OTP/R16B03)',
27 silly registry.get     etag: '"6M4OELB42U6M3OT1UF15AG9WU"',
27 silly registry.get     'content-type': 'application/json',
27 silly registry.get     'cache-control': 'max-age=60',
27 silly registry.get     'content-length': '29053',
27 silly registry.get     'accept-ranges': 'bytes',
27 silly registry.get     via: '1.1 varnish',
27 silly registry.get     age: '0',
27 silly registry.get     'x-served-by': 'cache-syd1621-SYD',
27 silly registry.get     'x-cache': 'MISS',
27 silly registry.get     'x-cache-hits': '0',
27 silly registry.get     'x-timer': 'S1414902408.234412,VS0,VE366',
27 silly registry.get     vary: 'Accept',
27 silly registry.get     'keep-alive': 'timeout=10, max=50',
27 silly registry.get     connection: 'Keep-Alive' } ]
28 silly addNameRange number 2 { name: 'grunt-shell', range: '*', hasData: true }
29 silly addNameRange versions [ 'grunt-shell',
29 silly addNameRange   [ '0.1.0',
29 silly addNameRange     '0.1.1',
29 silly addNameRange     '0.1.2',
29 silly addNameRange     '0.1.3',
29 silly addNameRange     '0.1.4',
29 silly addNameRange     '0.2.0',
29 silly addNameRange     '0.2.1',
29 silly addNameRange     '0.2.2',
29 silly addNameRange     '0.3.0',
29 silly addNameRange     '0.3.1',
29 silly addNameRange     '0.4.0',
29 silly addNameRange     '0.5.0',
29 silly addNameRange     '0.6.0',
29 silly addNameRange     '0.6.1',
29 silly addNameRange     '0.6.2',
29 silly addNameRange     '0.6.4',
29 silly addNameRange     '0.7.0',
29 silly addNameRange     '1.0.0',
29 silly addNameRange     '1.0.1',
29 silly addNameRange     '1.1.0',
29 silly addNameRange     '1.1.1' ] ]
30 verbose addNamed [ 'grunt-shell', '1.1.1' ]
31 verbose addNamed [ '1.1.1', '1.1.1' ]
32 silly lockFile 159727b2-grunt-shell-1-1-1 grunt-shell@1.1.1
33 verbose lock grunt-shell@1.1.1 /home/amrith92/.npm/159727b2-grunt-shell-1-1-1.lock
34 silly lockFile 62582787-runt-shell-grunt-shell-1-1-1-tgz https://registry.npmjs.org/grunt-shell/-/grunt-shell-1.1.1.tgz
35 verbose lock https://registry.npmjs.org/grunt-shell/-/grunt-shell-1.1.1.tgz /home/amrith92/.npm/62582787-runt-shell-grunt-shell-1-1-1-tgz.lock
36 verbose addRemoteTarball [ 'https://registry.npmjs.org/grunt-shell/-/grunt-shell-1.1.1.tgz',
36 verbose addRemoteTarball   'dbf13236601ea12c1a8d9160dd5e57775a614f5f' ]
37 info retry fetch attempt 1 at 09:56:49
38 verbose fetch to= /tmp/npm-7573-v8aTfZ30/registry.npmjs.org/grunt-shell/-/grunt-shell-1.1.1.tgz
39 http GET https://registry.npmjs.org/grunt-shell/-/grunt-shell-1.1.1.tgz
40 http 200 https://registry.npmjs.org/grunt-shell/-/grunt-shell-1.1.1.tgz
41 silly lockFile 62582787-runt-shell-grunt-shell-1-1-1-tgz https://registry.npmjs.org/grunt-shell/-/grunt-shell-1.1.1.tgz
42 silly lockFile 62582787-runt-shell-grunt-shell-1-1-1-tgz https://registry.npmjs.org/grunt-shell/-/grunt-shell-1.1.1.tgz
43 silly lockFile 159727b2-grunt-shell-1-1-1 grunt-shell@1.1.1
44 silly lockFile 159727b2-grunt-shell-1-1-1 grunt-shell@1.1.1
45 silly lockFile 9b13ef1a-grunt-shell grunt-shell@
46 silly lockFile 9b13ef1a-grunt-shell grunt-shell@
47 silly resolved [ { name: 'grunt-shell',
47 silly resolved     version: '1.1.1',
47 silly resolved     description: 'Run shell commands',
47 silly resolved     keywords:
47 silly resolved      [ 'gruntplugin',
47 silly resolved        'shell',
47 silly resolved        'command',
47 silly resolved        'cmd',
47 silly resolved        'exec',
47 silly resolved        'spawn',
47 silly resolved        'process',
47 silly resolved        'cli' ],
47 silly resolved     license: 'MIT',
47 silly resolved     author:
47 silly resolved      { name: 'Sindre Sorhus',
47 silly resolved        email: 'sindresorhus@gmail.com',
47 silly resolved        url: 'http://sindresorhus.com' },
47 silly resolved     files: [ 'tasks' ],
47 silly resolved     repository:
47 silly resolved      { type: 'git',
47 silly resolved        url: 'git://github.com/sindresorhus/grunt-shell' },
47 silly resolved     scripts: { test: 'grunt' },
47 silly resolved     dependencies: { chalk: '^0.5.1' },
47 silly resolved     devDependencies: { grunt: '^0.4.5', 'grunt-cli': '^0.1.13' },
47 silly resolved     engines: { node: '>=0.10.0' },
47 silly resolved     bugs: { url: 'https://github.com/sindresorhus/grunt-shell/issues' },
47 silly resolved     homepage: 'https://github.com/sindresorhus/grunt-shell',
47 silly resolved     _id: 'grunt-shell@1.1.1',
47 silly resolved     _shasum: 'dbf13236601ea12c1a8d9160dd5e57775a614f5f',
47 silly resolved     _from: 'grunt-shell@',
47 silly resolved     _npmVersion: '1.4.9',
47 silly resolved     _npmUser: { name: 'sindresorhus', email: 'sindresorhus@gmail.com' },
47 silly resolved     maintainers: [ [Object] ],
47 silly resolved     dist:
47 silly resolved      { shasum: 'dbf13236601ea12c1a8d9160dd5e57775a614f5f',
47 silly resolved        tarball: 'http://registry.npmjs.org/grunt-shell/-/grunt-shell-1.1.1.tgz' },
47 silly resolved     directories: {},
47 silly resolved     _resolved: 'https://registry.npmjs.org/grunt-shell/-/grunt-shell-1.1.1.tgz' } ]
48 info install grunt-shell@1.1.1 into /usr/lib
49 info installOne grunt-shell@1.1.1
50 verbose lib/node_modules/grunt-shell unbuild
51 verbose tar unpack /home/amrith92/.npm/grunt-shell/1.1.1/package.tgz
52 silly lockFile 47014b92-usr-lib-node-modules-grunt-shell tar:///usr/lib/node_modules/grunt-shell
53 verbose lock tar:///usr/lib/node_modules/grunt-shell /home/amrith92/.npm/47014b92-usr-lib-node-modules-grunt-shell.lock
54 silly lockFile d0687eff-pm-grunt-shell-1-1-1-package-tgz tar:///home/amrith92/.npm/grunt-shell/1.1.1/package.tgz
55 verbose lock tar:///home/amrith92/.npm/grunt-shell/1.1.1/package.tgz /home/amrith92/.npm/d0687eff-pm-grunt-shell-1-1-1-package-tgz.lock
56 silly gunzTarPerm modes [ '775', '664' ]
57 error Error: EACCES, mkdir '/usr/lib/node_modules/grunt-shell'
57 error  { [Error: EACCES, mkdir '/usr/lib/node_modules/grunt-shell']
57 error   errno: 3,
57 error   code: 'EACCES',
57 error   path: '/usr/lib/node_modules/grunt-shell',
57 error   fstream_type: 'Directory',
57 error   fstream_path: '/usr/lib/node_modules/grunt-shell',
57 error   fstream_class: 'DirWriter',
57 error   fstream_stack:
57 error    [ '/usr/lib/node_modules/npm/node_modules/fstream/lib/dir-writer.js:36:23',
57 error      '/usr/lib/node_modules/npm/node_modules/mkdirp/index.js:46:53',
57 error      'Object.oncomplete (fs.js:107:15)' ] }
58 error Please try running this command again as root/Administrator.
59 error System Linux 3.13.0-37-generic
60 error command "/usr/bin/node" "/usr/bin/npm" "install" "-g" "grunt-shell"
61 error cwd /home/amrith92/sts-workspace/triple-a
62 error node -v v0.10.32
63 error npm -v 1.4.28
64 error path /usr/lib/node_modules/grunt-shell
65 error fstream_path /usr/lib/node_modules/grunt-shell
66 error fstream_type Directory
67 error fstream_class DirWriter
68 error code EACCES
69 error errno 3
70 error stack Error: EACCES, mkdir '/usr/lib/node_modules/grunt-shell'
71 error fstream_stack /usr/lib/node_modules/npm/node_modules/fstream/lib/dir-writer.js:36:23
71 error fstream_stack /usr/lib/node_modules/npm/node_modules/mkdirp/index.js:46:53
71 error fstream_stack Object.oncomplete (fs.js:107:15)
72 verbose exit [ 3, true ]
